Running with dbt=1.10.13
Registered adapter: snowflake=1.10.2
Found 8 models, 1 snapshot, 1 analysis, 22 data tests, 1 seed, 3 sources, 1 exposure, 875 macros

Concurrency: 1 threads (target='dev')

1 of 30 START seed file DEV.seed_full_moon_dates ............................... [RUN]
1 of 30 OK loaded seed file DEV.seed_full_moon_dates ........................... [[32mINSERT 272[0m in 4.47s]
2 of 30 START test dbt_expectations_source_expect_column_distinct_count_to_equal_airbnb_listings_room_type__4  [RUN]
2 of 30 PASS dbt_expectations_source_expect_column_distinct_count_to_equal_airbnb_listings_room_type__4  [[32mPASS[0m in 0.80s]
3 of 30 START test dbt_expectations_source_expect_column_values_to_match_regex_airbnb_listings_price___0_9_0_9_  [RUN]
3 of 30 PASS dbt_expectations_source_expect_column_values_to_match_regex_airbnb_listings_price___0_9_0_9_  [[32mPASS[0m in 1.99s]
4 of 30 START sql view model DEV.dim_hosts_cleansed ............................ [RUN]
4 of 30 OK created sql view model DEV.dim_hosts_cleansed ....................... [[32mSUCCESS 1[0m in 0.79s]
5 of 30 START sql incremental model DEV.fct_reviews ............................ [RUN]
Loading AIRBNB.DEV.fct_reviews incrementally (all missing dates)
5 of 30 OK created sql incremental model DEV.fct_reviews ....................... [[32mSUCCESS 0[0m in 2.35s]
6 of 30 START snapshot DEV.scd_raw_listings .................................... [RUN]
6 of 30 OK snapshotted DEV.scd_raw_listings .................................... [[32mSUCCESS 0[0m in 5.09s]
7 of 30 START test accepted_values_dim_hosts_cleansed_is_superhost__t__f ....... [RUN]
7 of 30 PASS accepted_values_dim_hosts_cleansed_is_superhost__t__f ............. [[32mPASS[0m in 0.85s]
8 of 30 START test not_null_dim_hosts_cleansed_host_id ......................... [RUN]
8 of 30 PASS not_null_dim_hosts_cleansed_host_id ............................... [[32mPASS[0m in 0.57s]
9 of 30 START test not_null_dim_hosts_cleansed_host_name ....................... [RUN]
9 of 30 PASS not_null_dim_hosts_cleansed_host_name ............................. [[32mPASS[0m in 0.38s]
10 of 30 START test unique_dim_hosts_cleansed_host_id .......................... [RUN]
10 of 30 PASS unique_dim_hosts_cleansed_host_id ................................ [[32mPASS[0m in 0.35s]
11 of 30 START test accepted_values_fct_reviews_review_sentiment__positive__neutral__negative  [RUN]
11 of 30 PASS accepted_values_fct_reviews_review_sentiment__positive__neutral__negative  [[32mPASS[0m in 0.56s]
12 of 30 START test not_null_fct_reviews_reviewer_name ......................... [RUN]
12 of 30 PASS not_null_fct_reviews_reviewer_name ............................... [[32mPASS[0m in 0.18s]
13 of 30 START sql view model DEV.dim_listings_cleansed ........................ [RUN]
13 of 30 OK created sql view model DEV.dim_listings_cleansed ................... [[32mSUCCESS 1[0m in 0.85s]
14 of 30 START sql table model DEV.mart_fullmoon_reviews ....................... [RUN]
14 of 30 OK created sql table model DEV.mart_fullmoon_reviews .................. [[32mSUCCESS 1[0m in 3.24s]
15 of 30 START test accepted_values_dim_listings_cleansed_room_type__Entire_home_apt__Private_room__Shared_room__Hotel_room  [RUN]
15 of 30 PASS accepted_values_dim_listings_cleansed_room_type__Entire_home_apt__Private_room__Shared_room__Hotel_room  [[32mPASS[0m in 0.59s]
16 of 30 START test consistent_created_at ...................................... [RUN]
16 of 30 PASS consistent_created_at ............................................ [[32mPASS[0m in 0.29s]
17 of 30 START test dim_listings_minimum_nights ................................ [RUN]
17 of 30 PASS dim_listings_minimum_nights ...................................... [[32mPASS[0m in 0.24s]
18 of 30 START test no_nulls_in_dim_listings ................................... [RUN]
18 of 30 PASS no_nulls_in_dim_listings ......................................... [[32mPASS[0m in 0.41s]
19 of 30 START test not_null_dim_listings_cleansed_host_id ..................... [RUN]
19 of 30 PASS not_null_dim_listings_cleansed_host_id ........................... [[32mPASS[0m in 0.24s]
20 of 30 START test not_null_dim_listings_cleansed_listing_id .................. [RUN]
20 of 30 PASS not_null_dim_listings_cleansed_listing_id ........................ [[32mPASS[0m in 0.23s]
21 of 30 START test positive_value_dim_listings_cleansed_minimum_nights ........ [RUN]
21 of 30 PASS positive_value_dim_listings_cleansed_minimum_nights .............. [[32mPASS[0m in 0.23s]
22 of 30 START test relationships_dim_listings_cleansed_host_id__host_id__ref_dim_hosts_cleansed_  [RUN]
22 of 30 PASS relationships_dim_listings_cleansed_host_id__host_id__ref_dim_hosts_cleansed_  [[32mPASS[0m in 0.31s]
23 of 30 START test relationships_fct_reviews_listing_id__listing_id__ref_dim_listings_cleansed_  [RUN]
23 of 30 PASS relationships_fct_reviews_listing_id__listing_id__ref_dim_listings_cleansed_  [[32mPASS[0m in 0.27s]
24 of 30 START test unique_dim_listings_cleansed_listing_id .................... [RUN]
24 of 30 PASS unique_dim_listings_cleansed_listing_id .......................... [[32mPASS[0m in 0.27s]
25 of 30 START sql table model DEV.dim_listings_w_hosts ........................ [RUN]
25 of 30 OK created sql table model DEV.dim_listings_w_hosts ................... [[32mSUCCESS 1[0m in 1.70s]
26 of 30 NO-OP exposure executive_dashboard .................................... [[33mNO-OP[0m in 0.00s]
27 of 30 START test dbt_expectations_expect_column_max_to_be_between_dim_listings_w_hosts_price__5000  [RUN]
27 of 30 WARN 1 dbt_expectations_expect_column_max_to_be_between_dim_listings_w_hosts_price__5000  [[33mWARN 1[0m in 0.42s]
28 of 30 START test dbt_expectations_expect_column_quantile_values_to_be_between_dim_listings_w_hosts_price__500__50__0_99  [RUN]
28 of 30 PASS dbt_expectations_expect_column_quantile_values_to_be_between_dim_listings_w_hosts_price__500__50__0_99  [[32mPASS[0m in 0.49s]
29 of 30 START test dbt_expectations_expect_column_values_to_be_of_type_dim_listings_w_hosts_price__number  [RUN]
29 of 30 PASS dbt_expectations_expect_column_values_to_be_of_type_dim_listings_w_hosts_price__number  [[32mPASS[0m in 0.80s]
30 of 30 START test dbt_expectations_expect_table_row_count_to_equal_other_table_dim_listings_w_hosts_source_airbnb_listings_  [RUN]
30 of 30 PASS dbt_expectations_expect_table_row_count_to_equal_other_table_dim_listings_w_hosts_source_airbnb_listings_  [[32mPASS[0m in 0.33s]

Finished running 1 exposure, 1 incremental model, 1 seed, 1 snapshot, 2 table models, 22 data tests, 2 view models in 0 hours 0 minutes and 33.11 seconds (33.11s).

[33mCompleted with 1 warning:[0m

[33mWarning in test dbt_expectations_expect_column_max_to_be_between_dim_listings_w_hosts_price__5000 (models/schema.yml)[0m
Got 1 result, configured to warn if != 0

  compiled code at target/dbtlearn_dbt_assets-2ad18f5-f00165e/compiled/dbtlearn/models/schema.yml/dbt_expectations_expect_column_c59e300e0dddb335c4211147100ac1c6.sql

Done. PASS=28 WARN=1 ERROR=0 SKIP=0 NO-OP=1 TOTAL=30
